<?xml version="1.0" encoding="UTF-8"?>
<!-- Generated by org.testng.reporters.JUnitXMLReporter -->
<testsuite hostname="Pranil" name="test1" tests="4" failures="0" timestamp="1 Sep 2021 13:24:46 GMT" time="0.055" errors="0">
  <testcase name="tc001" time="0.015" classname="framework.testng.TestSuite.Class1"/>
  <testcase name="tc002" time="0.001" classname="framework.testng.TestSuite.Class1"/>
  <testcase name="tc005" time="0.002" classname="framework.testng.TestSuite.Class2"/>
  <testcase name="tc006" time="0.002" classname="framework.testng.TestSuite.Class2"/>
</testsuite> <!-- test1 -->
