<?xml version="1.0" encoding="UTF-8"?>
<!-- Generated by org.testng.reporters.JUnitXMLReporter -->
<testsuite hostname="Pranil" name="sample" tests="9" failures="0" timestamp="1 Sep 2021 13:17:04 GMT" time="0.104" errors="0">
  <testcase name="tc001" time="0.009" classname="framework.testng.TestSuite.Class1"/>
  <testcase name="tc002" time="0.002" classname="framework.testng.TestSuite.Class1"/>
  <testcase name="tc003" time="0.001" classname="framework.testng.TestSuite.Class1"/>
  <testcase name="tc007" time="0.007" classname="framework.testng.TestSuite.Class3"/>
  <testcase name="tc008" time="0.011" classname="framework.testng.TestSuite.Class3"/>
  <testcase name="tc009" time="0.004" classname="framework.testng.TestSuite.Class3"/>
  <testcase name="tc004" time="0.004" classname="framework.testng.TestSuite.Class2"/>
  <testcase name="tc005" time="0.001" classname="framework.testng.TestSuite.Class2"/>
  <testcase name="tc006" time="0.001" classname="framework.testng.TestSuite.Class2"/>
</testsuite> <!-- sample -->
