<?xml version="1.0" encoding="UTF-8"?>
<!-- Generated by org.testng.reporters.JUnitXMLReporter -->
<testsuite hostname="Pranil" name="Default test" tests="3" failures="0" timestamp="1 Sep 2021 13:08:41 GMT" time="0.038" errors="0">
  <testcase name="tc001" time="0.01" classname="framework.testng.TestSuite.Class1"/>
  <testcase name="tc002" time="0.001" classname="framework.testng.TestSuite.Class1"/>
  <testcase name="tc003" time="0.001" classname="framework.testng.TestSuite.Class1"/>
</testsuite> <!-- Default test -->
